1638740240823:exit
1639231478443:list movies
1639231496850:create movie Saa dsf 21
1639231507889:sign in privileg admin admin
1639231527735:sign in privileged admin admin
1639231549408:describle account
1639231572015:describe account
1639231591015:sign out
1639231624384:create movie Saa dsf 21
1639233500305:create movie SĂˇtĂˇntangĂł drama 450
1639233526051:sign in privileged admin admin
1639233535368:create movie SĂˇtĂˇntangĂł drama 450
1639234064269:list movies
1639234081976:describe account
1639234091279:sign in privileged admin admin
1639234095733:sign out
1639234100020:sign in privileged a a
1639234103447:sign in privileged admin admin
1639234110567:create movie SĂˇtĂˇntangĂł drama 450
1639234336922:sign in privileged a a
1639234342008:sign in privileged admin admin
1639234348670:describe account
1639234355949:sign out
1639234356845:describe account
1639234365213:create movie SĂˇtĂˇntangĂł drama 450
1639234369309:sign in privileged admin admin
1639234372312:create movie SĂˇtĂˇntangĂł drama 450
1639234376629:list movie
1639234379202:list movies
1639235176443:sign in privileged admin admin
1639235199367:list movies
1639235206764:create movie SĂˇtĂˇntangĂł drama 450
1639235232462:create movie "Apad anyad ide jĂ¶jjĂ¶n" vigjatek 90
1639235236700:list movies
1639235261297:create movie adadas drama 450
1639235265762:list movies
1639235657371:sign in privileged admin admin
1639235661940:create movie SĂˇtĂˇntangĂł drama 450
1639235671678:create movie babyut vigj 30
1639235675809:list movies
1639235919203:sign in privileged admin admin
1639235926858:create movie SĂˇtĂˇntangĂł drama 450
1639235933203:create movie dasdasd ada 213
1639235940155:create movie Baby valami 312
1639235942475:list movies
1639236082844:sign in privileged admin admin
1639236087348:create movie SĂˇtĂˇntangĂł drama 450
1639236087441:create movie Babyur sorozat 30
1639236087457:create movie apadanyad vigjatek 90
1639236087471:create movie Cicaharc mese 90
1639236098641:create movie NĂ©pmese dokumentum 10
1639236104273:list movies
1639236140265:update movie Cicaharc film 30
1639236143747:list movies
1639236154380:delete Cicaharc
1639236164725:delete movie cicaharc
1639236177812:delete movie Cicaharc
1639236181307:list movies
1639236478917:sign in privileged admin admin
1639236485696:create movie SĂˇtĂˇntangĂł drama 450
1639236485775:create movie Babyur sorozat 30
1639236485792:create movie apadanyad vigjatek 90
1639236485805:create movie Cicaharc mese 90
1639236488831:create movie NĂ©pmese dokumentum 10list movies
1639236507772:list movies
1639236543971:sign in privileged admin admin
1639236551874:create movie SĂˇtĂˇntangĂł drama 450
1639236556409:create movie Babyur sorozat 30
1639236561586:create movie apadanyad vigjatek 90
1639236566014:create movie Cicaharc mese 90
1639236568746:list movies
1639236580125:delete movie apadnayad
1639236605949:delete movie apadanyad
1639236609388:list movies
1639236625614:update movie Cicaharc nemmese 30
1639236628180:list movies
1639239713888:create room egy 5 5
1639240221681:sign in privileged admin admin
1639240229593:create movie SĂˇtĂˇntangĂł drama 450
1639240235164:create movie Cicaharc mese 90
1639240240310:create movie apadanyad vigjatek 90
1639240285450:update movie
1639240302764:update movie cicaharc nemmese 30
1639240365414:create movie SĂˇtĂˇntangĂł drama 450
1639240371293:sign in privileged admin admin
1639240376085:create movie NĂ©pmese dokumentum 10
1639240380445:create movie apadanyad vigjatek 90
1639240388536:update apad vigj 30
1639240401016:update movie apad v 3
1639240948089:sign in privileged admin admin
1639240952209:create movie NĂ©pmese dokumentum 10
1639240956837:create movie apadanyad vigjatek 90
1639240961103:create movie SĂˇtĂˇntangĂł drama 450
1639240963321:list movies
1639240973602:update movie apad v 3
1639241706719:create room egy 5 5
1639241711209:sign in privileged admin admin
1639241715216:create room egy 5 5
1639241720786:create room ketto 3 2
1639241724949:create room harom 2 5
1639241727513:list rooms
1639241743656:eyit
1639242039331:sign in privileged admin admin
1639242043697:create room egy 5 5
1639242048165:create room ketto 3 2
1639242052412:create room harom 2 5
1639242054336:list rooms
1639242101362:create room harom 2 5
1639242104008:list rooms
1639242273244:sign in privileged admin admin
1639242278187:create room egy 5 5
1639242286873:list rooms
1639242468434:sign in privileged admin admin
1639242472963:create movie NĂ©pmese dokumentum 10
1639242476521:list movies
1639243166280:sign in privileged admin admin
1639243170524:create room egy 5 5
1639243174050:create room ketto 3 2
1639243178315:create room harom 2 5
1639243180335:list rooms
1639243196865:update room egy 4 4
1639243199665:list rooms
1639243341896:sign in privileged admin admin
1639243345807:create room egy 5 5
1639243349651:create room ketto 3 2
1639243353171:create room harom 2 5
1639243358681:list rooms
1639243363922:update room egy 4 4
1639243366961:list rooms
1639243376780:delete room ketto
1639243379248:list rooms
1639243388530:sign out
1639243392409:list rooms
1639243400392:create room e 1 2
1639243409816:update room egy 1 1
1639247206762:create screening "Spirited Away" Pedersoli "2021-03-14 16:00"
1639247221891:sign in privileged admin admin
1639247224972:create screening "Spirited Away" Pedersoli "2021-03-14 16:00"
1639247231447:list screenings
1639247458851:sign in privileged admin admin
1639247469421:list screenings
1639247471152:create screening "Spirited Away" Pedersoli "2021-03-14 16:00"
1639247475558:list screenings
1639247630142:sign in privileged admin admin
1639247635136:create screening "Spirited Away" Pedersoli "2021-03-14 16:00"
1639247640314:list screenings
1639247749989:create screening "baaafdasfsdfa" P "2021-03-10 10:00"
1639247761113:create screening "egy" egy "2021-03-14 16:00"
1639247766189:list screenings
1639247883062:sign in privileged admin admin
1639247921818:create screening "Spirited Away" Pedersoli "2021-03-14 16:00"
1639247927828:create screening "egy" egy "2021-03-14 16:00"
1639247932042:create screening "ketto" ketto "2021-03-14 16:00"
1639247935557:list screenings
1639247944674:update screening egy harom "1999-03-14 16:00"
1639247984714:delete screening ketto ketto "2021-03-14 16:00"
1639248465768:sign in privileged admin admin
1639248492465:create movie SĂˇtĂˇntangĂł drama 450
1639248496165:create movie Babyur sorozat 30
1639248499441:create movie apadanyad vigjatek 90
1639248520936:create room terem1 5 5
1639248524134:create room terem2 3 2
1639248527247:create room terem3 2 5
1639248534102:create screening "Spirited Away" Pedersoli "2021-03-14 16:00"
1639248731791:sign in privileged admin admin
1639248737318:create movie SĂˇtĂˇntangĂł drama 450
1639248753848:create room Pedersoli 5 5
1639248762437:create screening "Spirited Away" Pedersoli "2021-03-14 16:00"
1639248795098:create movie SĂˇtĂˇntangĂł drama 450
1639248799558:sign in privileged admin admin
1639248802194:create movie SĂˇtĂˇntangĂł drama 450
1639248805626:create room Pedersoli 5 5
1639248810145:create screening "Spirited Away" Pedersoli "2021-03-14 16:00"
1639248817092:list screenings
1639248842018:update screening "Spirited Away" terem3 "1999-03-14 16:00"
1639248864163:delete screening "Spirited Away" Pedersoli "2021-03-14 16:00"
1639250285157:sign in privileged admin admin
1639250289194:create movie SĂˇtĂˇntangĂł drama 450
1639250292285:create room Pedersoli 5 5
1639250299290:create screening "Spirited Away" Pedersoli "2021-03-14 16:00"
1639250303333:list sreenings
1639250311398:list screenings
1639250323338:delete screening "Spirited Away" Pedersoli "2021-03-14 16:00"
1639250390180:sign in privileged admin admin
1639250396724:create screening "Spirited Away" Pedersoli "2021-03-14 16:00"
1639250402051:delete screening "Spirited Away" Pedersoli "2021-03-14 16:00"
1639250919419:sign in privileged admin admin
1639250927305:create screening "Spirited Away" Pedersoli "2021-03-14 16:00"
1639250933283:delete screening "Spirited Away" Pedersoli "2021-03-14 16:00"
1639251031819:sign in privileged admin admin
1639251041700:create screening "Spirited Away" Pedersoli "2021-03-14 16:00"
1639251046226:delete screening "Spirited Away" Pedersoli "2021-03-14 16:00"
1639251057467:list screening
1639251063940:list screenings
1639251339603:sign in privileged admin admin
1639251346478:create screening "Spirited Away" Pedersoli "2021-03-14 16:00"
1639251352060:delete screening "Spirited Away" Pedersoli "2021-03-14 16:00"
1639252875795:sign in privileged admin admin
1639252886326:create screening "Spirited Away" Pedersoli "2021-03-14 16:00"
1639252891685:delete screening "Spirited Away" Pedersoli "2021-03-14 16:00"
1639252926148:list screenings
1639253045660:sign in privileged admin admin
1639253052274:create screening "Spirited Away" Pedersoli "2021-03-14 16:00"
1639253055379:list screenings
1639253062546:delete screening "Spirited Away" Pedersoli "2021-03-14 16:00"
1639253067685:list screenings
1639253242257:sign in privileged admin admin
1639253247722:create screening "Spirited Away" Pedersoli "2021-03-14 16:00"
1639253255827:delete screening "Spirited Away" Pedersoli "2021-03-14 16:00"
1639253270750:list screenings
1639254680072:sign in privileged admin admin
1639254732898:create screening "Spirited Away" Pedersoli "2021-03-14 16:00"
1639254743842:delete screening "Spirited Away" Pedersoli "2021-03-14 16:00"
1639254748986:list screening
1639254755756:list screenings
1639255949801:sign in privileged admin admin
1639255966550:create screening "Spirited Away" Pedersoli "2021-03-14 16:00"
1639255976019:list screenings
1639256014653:delete screening "Spirited Away" Pedersoli "2021-03-14 16:00"
1639256232024:sign in privileged admin admin
1639256236241:create screening "Spirited Away" Pedersoli "2021-03-14 16:00"
1639256271557:list screenings
1639256284716:delete screening "Spirited Away" Pedersoli "2021-03-14 16:00"
1639256290082:list screenings
1639260822509:create screening "Spirited Away" Pedersoli "2021-03-14 16:00"
1639261187722:sign in privileged admin admin
1639261192634:create movie SĂˇtĂˇntangĂł drama 450
1639261200839:create screening "Spirited Away" Pedersoli "2021-03-14 16:00"
1639261287841:create room Pedersoli 5 5
1639261292565:create screening "Spirited Away" Pedersoli "2021-03-14 16:00"
1639261377244:create movie "Spirited Away" sorozat 30
1639261386012:delete screening "Spirited Away" Pedersoli "2021-03-14 16:00"
1639261397998:create screening "Spirited Away" Pedersoli "2021-03-14 16:00"
1639261480914:create movie SĂˇtĂˇntangĂł drama 450
1639261484658:sign in privileged admin admin
1639261490466:create movie SĂˇtĂˇntangĂł drama 450
1639261495786:create movie "Spirited Away" sorozat 30
1639261500507:create room terem1 5 5
1639261505583:create room Pedersoli 5 5
1639261511021:create screening "Spirited Away" Pedersoli "2021-03-14 16:00"
1639261514592:list rooms
1639261522501:list screenings
1639261531527:list movies
1639310518144:sign in privileged admin admin
1639310525141:create movie SĂˇtĂˇntangĂł drama 450
1639310530552:create room Pedersoli 5 5
1639310534413:create screening "Spirited Away" Pedersoli "2021-03-14 16:00"
1639310539247:list screenings
1639310545386:create movie "Spirited Away" sorozat 30
1639310550667:create screening "Spirited Away" Pedersoli "2021-03-14 16:00"
1639310555773:list screenings
1639310568003:delete screening "Spirited Away" Pedersoli "2021-03-14 16:00"
1639310572663:list screeings
1639310577726:list screenings
1639311158031:create movie "Spirited Away" sorozat 30
1639311162986:sign in privileged admin admin
1639311166624:create movie "Spirited Away" sorozat 30
1639311170280:create room Pedersoli 5 5
1639311175043:create screening "Spirited Away" Pedersoli "2021-03-14 16:00"
1639316086890:list rooms
1639317534004:sign in privileged admin admin
1639317541616:create movie SĂˇtĂˇntangĂł drama 450
1639317549078:create room terem1 5 5
1639317572387:create screening SĂˇtĂˇntangĂł terem1 "2021-03-14 16:00"
1639317722597:sign in privileged admin admin
1639317726683:create movie SĂˇtĂˇntangĂł drama 450
1639317733814:create room terem1 5 5
1639317737843:create screening SĂˇtĂˇntangĂł terem1 "2021-03-14 16:00"
1639317743043:create screening SĂˇtĂˇntangĂł terem1 "2021-03-14 10:00"
1639317749146:create screening SĂˇtĂˇntangĂł terem1 "2021-03-13 10:00"
1639317753639:list screenings
1639317884854:create screening SĂˇtĂˇntangĂł terem1 "2020-03-13 10:00"
1639317888893:list screenings
1639318006118:sign in privileged admin admin
1639318011610:create movie SĂˇtĂˇntangĂł drama 450
1639318016551:create room terem1 5 5
1639318022114:create screening SĂˇtĂˇntangĂł terem1 "2021-03-14 16:00"
1639319132541:sign in privileged admin admin
1639319135786:create movie SĂˇtĂˇntangĂł drama 450
1639319138720:create room terem1 5 5
1639319145295:create screening SĂˇtĂˇntangĂł terem1 "2021-03-14 16:00"
1639319178746:create screening SĂˇtĂˇntangĂł terem1 "2021-03-14 10:00"
1639319632612:sign in privileged admin admin
1639319639531:create movie SĂˇtĂˇntangĂł drama 450
1639319652733:create room terem1 5 5
1639319660372:create screening SĂˇtĂˇntangĂł terem1 "2021-03-14 16:00"
1639319863916:sign in privileged admin admin
1639319868354:create movie SĂˇtĂˇntangĂł drama 450
1639319876398:create movie apadanyad vigjatek 90
1639319881013:create room terem1 5 5
1639319884694:create room terem2 3 2
1639319889185:create screening SĂˇtĂˇntangĂł terem1 "2021-03-14 16:00"
1639319904760:create screening SĂˇtĂˇntangĂł terem1 "2021-03-14 17:00"
1639321231449:sign in privileged admin admin
1639321239275:create movie SĂˇtĂˇntangĂł drama 450
1639321243642:create room terem1 5 5
1639321250137:create screening SĂˇtĂˇntangĂł terem1 "2021-03-14 16:00"
1639321257255:create screening SĂˇtĂˇntangĂł terem1 "2021-03-14 16:10"
1639321261953:list screenings
1639321611636:sign in privileged admin admin
1639321615300:create movie SĂˇtĂˇntangĂł drama 450
1639321619947:create room terem1 5 5
1639321624609:create screening SĂˇtĂˇntangĂł terem1 "2021-03-14 16:00"
1639321679542:create screening SĂˇtĂˇntangĂł terem1 "2021-03-14 10:00"
1639321732760:sign in privileged admin admin
1639321738932:create movie SĂˇtĂˇntangĂł drama 90
1639321743258:create room terem1 5 5
1639321749394:create screening SĂˇtĂˇntangĂł terem1 "2021-03-14 16:00"
1639321754472:create screening SĂˇtĂˇntangĂł terem1 "2021-03-14 16:10"
1639321783900:create screening SĂˇtĂˇntangĂł terem1 "2021-03-15 16:00"
1639321852896:sign in privileged admin admin
1639321856489:create movie SĂˇtĂˇntangĂł drama 90
1639321860160:create room terem1 5 5
1639321864593:create screening SĂˇtĂˇntangĂł terem1 "2021-03-14 16:00"
1639321869628:create screening SĂˇtĂˇntangĂł terem1 "2021-03-14 16:10"
1639321879029:create screening SĂˇtĂˇntangĂł terem1 "2021-03-15 16:00"
1639321978674:sign in privileged admin admin
1639321981977:create movie SĂˇtĂˇntangĂł drama 90
1639321985122:create room terem1 5 5
1639321989880:create screening SĂˇtĂˇntangĂł terem1 "2021-03-14 16:00"
1639321993376:create screening SĂˇtĂˇntangĂł terem1 "2021-03-14 16:10"
1639322005159:create screening SĂˇtĂˇntangĂł terem1 "2021-03-15 16:00"
1639322011857:list screenings
1639322382540:sign in privileged admin admin
1639322387033:create movie SĂˇtĂˇntangĂł drama 90
1639322391596:create room terem1 5 5
1639322407409:create screening "Spirited Away" Pedersoli "2021-03-14 16:00"
1639322441815:create screening SĂˇtĂˇntangĂł terem1 "2021-03-14 16:00"
1639322479830:create screening SĂˇtĂˇntangĂł terem1 "2021-03-14 16:10"
1639322496381:create screening SĂˇtĂˇntangĂł terem1 "2021-03-14 17:35"
1639322501838:create screening SĂˇtĂˇntangĂł terem1 "2021-03-15 16:00"
1639322506880:list screenings
1639330657238:sign in privileged admin admin
1639330664136:create room terem1 5 5
1639330670733:create room terem2 2 3
1639330672982:list rooms
1639346734905:sign in privileged admin admin
1639346754500:create movie SĂˇtĂˇntangĂł drama 90
1639346758229:create room terem1 5 5
1639346763186:create screening SĂˇtĂˇntangĂł terem1 "2021-03-14 16:00"
1639346771353:create screening SĂˇtĂˇntangĂł terem1 "2021-03-14 16:10"
1639346849819:sign in privileged admin admin
1639346854800:create movie SĂˇtĂˇntangĂł drama 90
1639346859142:create room terem1 5 5
1639346864842:create screening SĂˇtĂˇntangĂł terem1 "2021-03-14 16:00"
1639346887690:list screenings
1639347084560:sign in privileged admin admin
1639347088378:create movie SĂˇtĂˇntangĂł drama 90
1639347092834:create room terem1 5 5
1639347122180:create screening SĂˇtĂˇntangĂł terem1 "2021-03-14 16:00"
1639347139569:create screening SĂˇtĂˇntangĂł terem1 "2021-03-14 16:10"
1639347243556:sign in privileged admin admin
1639347248069:create movie SĂˇtĂˇntangĂł drama 90
1639347256221:create room terem1 5 5
1639347271476:create screening SĂˇtĂˇntangĂł terem1 "2021-03-14 16:00"
1639347276600:create screening SĂˇtĂˇntangĂł terem1 "2021-03-14 16:10"
1639347285377:create screening SĂˇtĂˇntangĂł terem1 "2021-03-14 17:30"
1639347302177:create screening SĂˇtĂˇntangĂł terem1 "2021-03-14 17 31"
1639347308897:create screening SĂˇtĂˇntangĂł terem1 "2021-03-14 17:31"
1639347421227:sign in privileged admin admin
1639347537514:create movie SĂˇtĂˇntangĂł drama 90
1639347551868:create room terem1 5 5
1639347569130:create screening SĂˇtĂˇntangĂł terem1 "2021-03-14 16:00"
1639347575721:create screening SĂˇtĂˇntangĂł terem1 "2021-03-14 17:30"
1639347583600:create screening SĂˇtĂˇntangĂł terem1 "2021-03-14 18:00"
1639347589266:list screenings
1639347607684:create room terem2 3 2
1639347615369:create screening SĂˇtĂˇntangĂł terem2 "2021-03-14 16:00"
1639347632954:list screenings
1639347647881:create screening SĂˇtĂˇntangĂł terem2 "2021-03-14 16:00"
1639347654649:sign out
1639347655830:create screening SĂˇtĂˇntangĂł terem1 "2021-03-14 16:00"
